<?xml version="1.0" encoding="UTF-8"?>
<!-- Generated by org.testng.reporters.JUnitReportReporter -->
<testsuite skipped="0" hostname="admin-PC" name="com.ghoshchandan19.RestAssured1.Rough.TestClass" tests="1" failures="0" timestamp="04 Oct 2018 15:14:14 GMT" time="4.906" errors="0">
  <testcase name="readBaseURI" time="4.906" classname="com.ghoshchandan19.RestAssured1.Rough.TestClass"/>
</testsuite> <!-- com.ghoshchandan19.RestAssured1.Rough.TestClass -->
